<?xml version="1.0" encoding="utf-8"?><testsuites name="pytest tests"><testsuite name="pytest" errors="0" failures="0" skipped="0" tests="8" time="6.618" timestamp="2026-04-29T15:17:11.187114+00:00" hostname="agent-env-082fae89-a1ee-4702-86b6-41e67d841faf"><testcase classname="backend.tests.test_dark_hollow_api.TestHealth" name="test_root_health" time="1.151" /><testcase classname="backend.tests.test_dark_hollow_api.TestGameConfig" name="test_get_config" time="0.688" /><testcase classname="backend.tests.test_dark_hollow_api.TestSaveLoad" name="test_save_game" time="0.673" /><testcase classname="backend.tests.test_dark_hollow_api.TestSaveLoad" name="test_load_game_returns_persisted_data" time="0.663" /><testcase classname="backend.tests.test_dark_hollow_api.TestSaveLoad" name="test_save_overwrites_same_slot" time="1.330" /><testcase classname="backend.tests.test_dark_hollow_api.TestSaveLoad" name="test_get_all_saves" time="0.686" /><testcase classname="backend.tests.test_dark_hollow_api.TestSaveLoad" name="test_load_nonexistent_slot" time="0.671" /><testcase classname="backend.tests.test_dark_hollow_api.TestCors" name="test_cors_header_present" time="0.681" /></testsuite></testsuites>